::1 - - [10/Feb/2020:06:09:31 +0000] "GET /candidateListing HTTP/1.1" 200 2 "-" "PostmanRuntime/7.22.0"
::1 - - [10/Feb/2020:06:09:59 +0000] "GET /candidateListing HTTP/1.1" 200 2 "-" "PostmanRuntime/7.22.0"
::1 - - [10/Feb/2020:06:11:14 +0000] "GET /candidateListing HTTP/1.1" 200 2 "-" "PostmanRuntime/7.22.0"
::1 - - [10/Feb/2020:06:11:15 +0000] "GET /candidateListing HTTP/1.1" 200 2 "-" "PostmanRuntime/7.22.0"
::1 - - [10/Feb/2020:06:47:03 +0000] "GET /candidateListing HTTP/1.1" 200 2 "-" "PostmanRuntime/7.22.0"
::1 - - [10/Feb/2020:06:47:39 +0000] "GET /jobListing HTTP/1.1" 200 202 "-" "PostmanRuntime/7.22.0"
::1 - - [10/Feb/2020:06:49:05 +0000] "GET /jobListing HTTP/1.1" 200 2 "-" "PostmanRuntime/7.22.0"
::1 - - [10/Feb/2020:06:50:35 +0000] "GET /jobListing HTTP/1.1" 200 2 "-" "PostmanRuntime/7.22.0"
::1 - - [10/Feb/2020:06:51:23 +0000] "GET /jobListing HTTP/1.1" 200 2 "-" "PostmanRuntime/7.22.0"
::1 - - [10/Feb/2020:06:52:14 +0000] "GET /jobListing HTTP/1.1" 200 2 "-" "PostmanRuntime/7.22.0"
::1 - - [10/Feb/2020:06:52:15 +0000] "GET /jobListing HTTP/1.1" 200 2 "-" "PostmanRuntime/7.22.0"
::1 - - [10/Feb/2020:06:52:15 +0000] "GET /jobListing HTTP/1.1" 200 2 "-" "PostmanRuntime/7.22.0"
::1 - - [10/Feb/2020:06:58:27 +0000] "GET /jobListing HTTP/1.1" 400 - "-" "PostmanRuntime/7.22.0"
::1 - - [10/Feb/2020:06:59:38 +0000] "GET /jobListing HTTP/1.1" 500 1583 "-" "PostmanRuntime/7.22.0"
::1 - - [10/Feb/2020:07:00:32 +0000] "GET /jobListing HTTP/1.1" 400 - "-" "PostmanRuntime/7.22.0"
::1 - - [10/Feb/2020:07:04:01 +0000] "GET /jobListing HTTP/1.1" 400 - "-" "PostmanRuntime/7.22.0"
::1 - - [10/Feb/2020:07:04:17 +0000] "GET /jobListing HTTP/1.1" 200 196 "-" "PostmanRuntime/7.22.0"
::1 - - [10/Feb/2020:07:04:26 +0000] "GET /jobListing HTTP/1.1" 400 - "-" "PostmanRuntime/7.22.0"
::1 - - [10/Feb/2020:07:04:40 +0000] "GET /jobListing HTTP/1.1" 200 196 "-" "PostmanRuntime/7.22.0"
::1 - - [10/Feb/2020:07:18:30 +0000] "POST /addJob HTTP/1.1" 400 - "-" "PostmanRuntime/7.22.0"
::1 - - [10/Feb/2020:07:19:08 +0000] "POST /addJob HTTP/1.1" 200 17 "-" "PostmanRuntime/7.22.0"
::1 - - [10/Feb/2020:07:20:07 +0000] "POST /addJob HTTP/1.1" 200 17 "-" "PostmanRuntime/7.22.0"
::1 - - [10/Feb/2020:07:22:26 +0000] "POST /addJob HTTP/1.1" 409 17 "-" "PostmanRuntime/7.22.0"
::1 - - [10/Feb/2020:07:29:54 +0000] "GET /candidateListing HTTP/1.1" 200 2 "-" "PostmanRuntime/7.22.0"
::1 - - [10/Feb/2020:07:31:01 +0000] "GET /candidateListing HTTP/1.1" 400 - "-" "PostmanRuntime/7.22.0"
::1 - - [10/Feb/2020:07:31:11 +0000] "GET /candidateListing HTTP/1.1" 200 2 "-" "PostmanRuntime/7.22.0"
::1 - - [10/Feb/2020:07:31:16 +0000] "GET /candidateListing HTTP/1.1" 400 - "-" "PostmanRuntime/7.22.0"
::1 - - [10/Feb/2020:07:31:21 +0000] "GET /candidateListing HTTP/1.1" 200 2 "-" "PostmanRuntime/7.22.0"
::1 - - [10/Feb/2020:07:31:27 +0000] "GET /candidateListing HTTP/1.1" 200 527 "-" "PostmanRuntime/7.22.0"
::1 - - [10/Feb/2020:09:02:49 +0000] "PATCH /addJob HTTP/1.1" 404 - "-" "PostmanRuntime/7.22.0"
::1 - - [10/Feb/2020:09:03:21 +0000] "PATCH /addJob HTTP/1.1" 404 - "-" "PostmanRuntime/7.22.0"
::1 - - [10/Feb/2020:09:04:30 +0000] "PATCH /addJob HTTP/1.1" 200 - "-" "PostmanRuntime/7.22.0"
::1 - - [10/Feb/2020:09:05:37 +0000] "PATCH /addJob HTTP/1.1" 200 - "-" "PostmanRuntime/7.22.0"
::1 - - [10/Feb/2020:09:06:28 +0000] "PATCH /addJob HTTP/1.1" 403 - "-" "PostmanRuntime/7.22.0"
::1 - - [10/Feb/2020:09:07:19 +0000] "PATCH /addJob HTTP/1.1" 400 - "-" "PostmanRuntime/7.22.0"
::1 - - [10/Feb/2020:09:08:32 +0000] "PATCH /addJob HTTP/1.1" 200 - "-" "PostmanRuntime/7.22.0"
::1 - - [10/Feb/2020:09:15:35 +0000] "PATCH /addJob HTTP/1.1" 200 - "-" "PostmanRuntime/7.22.0"
::1 - - [10/Feb/2020:09:15:46 +0000] "PATCH /addJob HTTP/1.1" 400 - "-" "PostmanRuntime/7.22.0"
::1 - - [10/Feb/2020:09:19:25 +0000] "PATCH /addJob HTTP/1.1" 400 - "-" "PostmanRuntime/7.22.0"
::1 - - [10/Feb/2020:09:20:15 +0000] "PATCH /addJob HTTP/1.1" 200 - "-" "PostmanRuntime/7.22.0"
::1 - - [10/Feb/2020:09:20:22 +0000] "PATCH /addJob HTTP/1.1" 400 - "-" "PostmanRuntime/7.22.0"
::1 - - [10/Feb/2020:09:20:45 +0000] "PATCH /addJob HTTP/1.1" 200 - "-" "PostmanRuntime/7.22.0"
::1 - - [10/Feb/2020:09:31:32 +0000] "PATCH /addJob HTTP/1.1" 400 - "-" "PostmanRuntime/7.22.0"
::1 - - [11/Feb/2020:05:08:12 +0000] "PATCH /addJob HTTP/1.1" 200 - "-" "PostmanRuntime/7.22.0"
::1 - - [11/Feb/2020:05:08:23 +0000] "GET /candidateListing HTTP/1.1" 200 527 "-" "PostmanRuntime/7.22.0"
